<?xml version="1.0" encoding="UTF-8"?>
<!-- Generated by org.testng.reporters.JUnitXMLReporter -->
<testsuite ignored="0" hostname="DESKTOP-N4NP63O" failures="0" tests="3" name="Default test" time="10.446" errors="0" timestamp="2024-02-26T19:30:18 IST">
  <testcase classname="api.test.DataProviderTestUser" name="getAllUser" time="4.125"/>
  <testcase classname="api.test.DataProviderTestUser" name="getAllUser" time="2.155"/>
  <testcase classname="api.test.DataProviderTestUser" name="getAllUser" time="1.858"/>
</testsuite> <!-- Default test -->
