<?xml version="1.0" encoding="UTF-8"?>
<!-- Generated by org.testng.reporters.JUnitXMLReporter -->
<testsuite ignored="0" hostname="DESKTOP-N4NP63O" failures="0" tests="4" name="Test" time="89.588" errors="0" timestamp="2024-02-26T22:48:13 IST">
  <testcase classname="api.test.UserTest" name="postUser" time="28.11"/>
  <testcase classname="api.test.UserTest" name="readUser" time="2.992"/>
  <testcase classname="api.test.UserTest" name="updateUserData" time="41.912"/>
  <testcase classname="api.test.UserTest" name="deleteUserData" time="11.411"/>
</testsuite> <!-- Test -->
