<?xml version="1.0" encoding="UTF-8"?>
<!-- Generated by org.testng.reporters.JUnitXMLReporter -->
<testsuite ignored="0" hostname="DESKTOP-N4NP63O" failures="0" tests="4" name="Test" time="31.721" errors="0" timestamp="2024-02-23T16:18:42 IST">
  <testcase classname="api.test.UserTest" name="postUser" time="8.373"/>
  <testcase classname="api.test.UserTest" name="readUser" time="2.381"/>
  <testcase classname="api.test.UserTest" name="updateUserData" time="14.994"/>
  <testcase classname="api.test.UserTest" name="deleteUserData" time="4.178"/>
</testsuite> <!-- Test -->
