<?xml version="1.0" encoding="UTF-8"?>
<testng-results ignored="0" total="4" passed="4" failed="0" skipped="0">
  <reporter-output>
  </reporter-output>
  <suite started-at="2024-02-26T22:46:42 IST" name="SwaggerUser" finished-at="2024-02-26T22:48:12 IST" duration-ms="89588">
    <groups>
    </groups>
    <test started-at="2024-02-26T22:46:42 IST" name="Test" finished-at="2024-02-26T22:48:12 IST" duration-ms="89588">
      <class name="api.test.UserTest">
        <test-method is-config="true" signature="setupData()[pri:0, instance:api.test.UserTest@20deea7f]" started-at="2024-02-26T22:46:43 IST" name="setupData" finished-at="2024-02-26T22:46:47 IST" duration-ms="4392" status="PASS">
          <reporter-output>
          </reporter-output>
        </test-method> <!-- setupData -->
        <test-method signature="postUser()[pri:1, instance:api.test.UserTest@20deea7f]" started-at="2024-02-26T22:46:47 IST" name="postUser" finished-at="2024-02-26T22:47:15 IST" duration-ms="28110" status="PASS">
          <reporter-output>
          </reporter-output>
        </test-method> <!-- postUser -->
        <test-method is-config="true" signature="setupData()[pri:0, instance:api.test.UserTest@20deea7f]" started-at="2024-02-26T22:47:15 IST" name="setupData" finished-at="2024-02-26T22:47:15 IST" duration-ms="126" status="PASS">
          <reporter-output>
          </reporter-output>
        </test-method> <!-- setupData -->
        <test-method signature="readUser()[pri:2, instance:api.test.UserTest@20deea7f]" started-at="2024-02-26T22:47:15 IST" name="readUser" finished-at="2024-02-26T22:47:18 IST" duration-ms="2992" status="PASS">
          <reporter-output>
          </reporter-output>
        </test-method> <!-- readUser -->
        <test-method is-config="true" signature="setupData()[pri:0, instance:api.test.UserTest@20deea7f]" started-at="2024-02-26T22:47:18 IST" name="setupData" finished-at="2024-02-26T22:47:18 IST" duration-ms="124" status="PASS">
          <reporter-output>
          </reporter-output>
        </test-method> <!-- setupData -->
        <test-method signature="updateUserData()[pri:3, instance:api.test.UserTest@20deea7f]" started-at="2024-02-26T22:47:18 IST" name="updateUserData" finished-at="2024-02-26T22:48:00 IST" duration-ms="41912" status="PASS">
          <reporter-output>
          </reporter-output>
        </test-method> <!-- updateUserData -->
        <test-method is-config="true" signature="setupData()[pri:0, instance:api.test.UserTest@20deea7f]" started-at="2024-02-26T22:48:00 IST" name="setupData" finished-at="2024-02-26T22:48:00 IST" duration-ms="62" status="PASS">
          <reporter-output>
          </reporter-output>
        </test-method> <!-- setupData -->
        <test-method signature="deleteUserData()[pri:4, instance:api.test.UserTest@20deea7f]" started-at="2024-02-26T22:48:00 IST" name="deleteUserData" finished-at="2024-02-26T22:48:12 IST" duration-ms="11411" status="PASS">
          <reporter-output>
          </reporter-output>
        </test-method> <!-- deleteUserData -->
      </class> <!-- api.test.UserTest -->
    </test> <!-- Test -->
  </suite> <!-- SwaggerUser -->
</testng-results>
